<?xml version="1.0" encoding="UTF-8"?>
<!-- Generated by org.testng.reporters.JUnitReportReporter -->
<testsuite skipped="0" hostname="hp-All-Series" name="RestAssuredFramework.Connected2.Sessions.CreateAdminSession" tests="1" failures="0" timestamp="31 Jul 2018 07:23:35 GMT" time="2.836" errors="0">
  <testcase name="testResponse" time="2.836" classname="RestAssuredFramework.Connected2.Sessions.CreateAdminSession"/>
</testsuite> <!-- RestAssuredFramework.Connected2.Sessions.CreateAdminSession -->
