<?xml version="1.0" encoding="UTF-8"?>
<!-- Generated by org.testng.reporters.JUnitReportReporter -->
<testsuite skipped="0" hostname="DESKTOP-FNG04BA" name="Rest_Assured.Rest_Assured.Login" tests="1" failures="0" timestamp="20 Aug 2018 04:04:43 GMT" time="10.290" errors="0">
  <testcase name="Loginvalid" time="10.290" classname="Rest_Assured.Rest_Assured.Login"/>
</testsuite> <!-- Rest_Assured.Rest_Assured.Login -->
